<?xml version="1.0" encoding="UTF-8"?>
<!-- Generated by org.testng.reporters.JUnitReportReporter -->
<testsuite hostname="Rohits-MacBook-Pro.local" failures="0" tests="5" name="com.casstore.testcases.TC_BuyProductTest" time="44.918" errors="0" timestamp="2024-08-06T18:52:06 IST" skipped="1">
  <testcase classname="com.casstore.testcases.TC_BuyProductTest" name="verifyIndexPageSignInButton" time="0.901"/>
  <system-out/>
  <testcase classname="com.casstore.testcases.TC_BuyProductTest" name="verifyUserLogin" time="1.026"/>
  <system-out/>
  <testcase classname="com.casstore.testcases.TC_BuyProductTest" name="verifySearchProduct" time="1.423"/>
  <system-out/>
  <testcase classname="com.casstore.testcases.TC_BuyProductTest" name="verifyBuyProduct" time="41.568"/>
  <system-out/>
  <testcase classname="com.casstore.testcases.TC_BuyProductTest" name="verifyUserLogout">
    <skipped/>
  </testcase> <!-- verifyUserLogout -->
  <system-out/>
</testsuite> <!-- com.casstore.testcases.TC_BuyProductTest -->
