<?xml version="1.0" encoding="UTF-8"?>
<!-- Generated by org.testng.reporters.JUnitReportReporter -->
<testsuite hostname="Rohits-MacBook-Pro.local" failures="0" tests="1" name="com.casstore.testcases.TC_SignUpPageTest" time="4.338" errors="0" timestamp="2024-06-20T19:03:57 IST" skipped="0">
  <testcase classname="com.casstore.testcases.TC_SignUpPageTest" name="verifySignUpPage" time="4.338"/>
  <system-out/>
</testsuite> <!-- com.casstore.testcases.TC_SignUpPageTest -->
