<?xml version="1.0" encoding="UTF-8"?>
<!-- Generated by org.testng.reporters.JUnitReportReporter -->
<testsuite hostname="Rohits-MacBook-Pro.local" failures="0" tests="2" name="com.casstore.testcases.TC_SignInPageTest" time="0.470" errors="0" timestamp="2024-06-20T22:59:48 IST" skipped="1">
  <testcase classname="com.casstore.testcases.TC_SignInPageTest" name="verifySignInPage" time="0.470"/>
  <system-out/>
  <testcase classname="com.casstore.testcases.TC_SignInPageTest" name="verifySignUpPage">
    <skipped/>
  </testcase> <!-- verifySignUpPage -->
  <system-out/>
</testsuite> <!-- com.casstore.testcases.TC_SignInPageTest -->
