<?xml version="1.0" encoding="UTF-8"?>
<!-- Generated by org.testng.reporters.JUnitReportReporter -->
<testsuite hostname="Rohits-MacBook-Pro.local" failures="0" tests="6" name="com.casstore.testcases.TC_AccountPageTest" time="7.982" errors="0" timestamp="2024-07-02T00:06:23 IST" skipped="2">
  <testcase classname="com.casstore.testcases.TC_AccountPageTest" name="verifyIndexPageSignInButton" time="1.680"/>
  <system-out/>
  <testcase classname="com.casstore.testcases.TC_AccountPageTest" name="verifyAlreadyRegistered" time="2.903"/>
  <system-out/>
  <testcase classname="com.casstore.testcases.TC_AccountPageTest" name="verifyAlreadyRegistered" time="1.726"/>
  <system-out/>
  <testcase classname="com.casstore.testcases.TC_AccountPageTest" name="verifyAlreadyRegistered" time="1.673"/>
  <system-out/>
  <testcase classname="com.casstore.testcases.TC_AccountPageTest" name="verifyEmailToCreateAccount">
    <skipped/>
  </testcase> <!-- verifyEmailToCreateAccount -->
  <system-out/>
  <testcase classname="com.casstore.testcases.TC_AccountPageTest" name="verifyAccountCreation">
    <skipped/>
  </testcase> <!-- verifyAccountCreation -->
  <system-out/>
</testsuite> <!-- com.casstore.testcases.TC_AccountPageTest -->
