<?xml version="1.0" encoding="UTF-8"?>
<!-- Generated by org.testng.reporters.JUnitReportReporter -->
<testsuite hostname="Rohits-MacBook-Pro.local" failures="0" tests="6" name="com.casstore.testcases.TC_AccountPageTest" time="6.422" errors="0" timestamp="2024-07-02T14:08:46 IST" skipped="2">
  <testcase classname="com.casstore.testcases.TC_AccountPageTest" name="verifyIndexPageSignInButton" time="0.919"/>
  <system-out/>
  <testcase classname="com.casstore.testcases.TC_AccountPageTest" name="verifyAlreadyRegistered" time="1.775"/>
  <system-out/>
  <testcase classname="com.casstore.testcases.TC_AccountPageTest" name="verifyAlreadyRegistered" time="1.994"/>
  <system-out/>
  <testcase classname="com.casstore.testcases.TC_AccountPageTest" name="verifyAlreadyRegistered" time="1.734"/>
  <system-out/>
  <testcase classname="com.casstore.testcases.TC_AccountPageTest" name="verifyEmailToCreateAccount">
    <skipped/>
  </testcase> <!-- verifyEmailToCreateAccount -->
  <system-out/>
  <testcase classname="com.casstore.testcases.TC_AccountPageTest" name="verifyAccountCreation">
    <skipped/>
  </testcase> <!-- verifyAccountCreation -->
  <system-out/>
</testsuite> <!-- com.casstore.testcases.TC_AccountPageTest -->
