<?xml version="1.0" encoding="UTF-8"?>
<!-- Generated by org.testng.reporters.JUnitReportReporter -->
<testsuite hostname="Rohits-MacBook-Pro.local" failures="0" tests="4" name="com.casstore.testcases.TC_SearchProductPageTest" time="5.748" errors="0" timestamp="2024-07-24T17:41:00 IST" skipped="0">
  <testcase classname="com.casstore.testcases.TC_SearchProductPageTest" name="verifyIndexPageSignInButton" time="1.184"/>
  <system-out/>
  <testcase classname="com.casstore.testcases.TC_SearchProductPageTest" name="verifyUserLogin" time="1.576"/>
  <system-out/>
  <testcase classname="com.casstore.testcases.TC_SearchProductPageTest" name="verifySearchProduct" time="1.479"/>
  <system-out/>
  <testcase classname="com.casstore.testcases.TC_SearchProductPageTest" name="verifyUserLogout" time="1.509"/>
  <system-out/>
</testsuite> <!-- com.casstore.testcases.TC_SearchProductPageTest -->
