<?xml version="1.0" encoding="UTF-8"?>
<!-- Generated by org.testng.reporters.JUnitReportReporter -->
<testsuite hostname="Rohits-MacBook-Pro.local" failures="0" tests="5" name="com.casstore.testcases.TC_BuyProductTest" time="13.269" errors="0" timestamp="2024-07-27T00:13:28 IST" skipped="1">
  <testcase classname="com.casstore.testcases.TC_BuyProductTest" name="verifyIndexPageSignInButton" time="0.997"/>
  <system-out/>
  <testcase classname="com.casstore.testcases.TC_BuyProductTest" name="verifyUserLogin" time="1.291"/>
  <system-out/>
  <testcase classname="com.casstore.testcases.TC_BuyProductTest" name="verifySearchProduct" time="1.744"/>
  <system-out/>
  <testcase classname="com.casstore.testcases.TC_BuyProductTest" name="verifyBuyProduct" time="9.237"/>
  <system-out/>
  <testcase classname="com.casstore.testcases.TC_BuyProductTest" name="verifyUserLogout">
    <skipped/>
  </testcase> <!-- verifyUserLogout -->
  <system-out/>
</testsuite> <!-- com.casstore.testcases.TC_BuyProductTest -->
