<?xml version="1.0" encoding="UTF-8"?>
<!-- Generated by org.testng.reporters.JUnitReportReporter -->
<testsuite hostname="Rohits-MacBook-Pro.local" failures="0" tests="3" name="com.casstore.testcases.TC_01_VerifyUserRegistration" time="8.509" errors="0" timestamp="2024-07-23T22:31:34 IST" skipped="0">
  <testcase classname="com.casstore.testcases.TC_01_VerifyUserRegistration" name="verifyIndexPageSignInButton" time="0.964"/>
  <system-out/>
  <testcase classname="com.casstore.testcases.TC_01_VerifyUserRegistration" name="verifyEmailToCreateAccount" time="0.297"/>
  <system-out/>
  <testcase classname="com.casstore.testcases.TC_01_VerifyUserRegistration" name="verifyAccountCreation" time="7.248"/>
  <system-out/>
</testsuite> <!-- com.casstore.testcases.TC_01_VerifyUserRegistration -->
