<?xml version="1.0" encoding="UTF-8"?>
<!-- Generated by org.testng.reporters.JUnitReportReporter -->
<testsuite hostname="Rohits-MacBook-Pro.local" failures="0" tests="4" name="com.casstore.testcases.TC_ProfileAccountTest" time="3.644" errors="0" timestamp="2024-06-26T14:00:45 IST" skipped="1">
  <testcase classname="com.casstore.testcases.TC_ProfileAccountTest" name="verifyHomeSignInButton" time="0.316"/>
  <system-out/>
  <testcase classname="com.casstore.testcases.TC_ProfileAccountTest" name="verifySignInPage" time="0.283"/>
  <system-out/>
  <testcase classname="com.casstore.testcases.TC_ProfileAccountTest" name="verifyHomeSignOutButton" time="3.045"/>
  <system-out/>
  <testcase classname="com.casstore.testcases.TC_ProfileAccountTest" name="verifySignUpPage">
    <skipped/>
  </testcase> <!-- verifySignUpPage -->
  <system-out/>
</testsuite> <!-- com.casstore.testcases.TC_ProfileAccountTest -->
