<?xml version="1.0" encoding="UTF-8"?>
<!-- Generated by org.testng.reporters.JUnitReportReporter -->
<testsuite hostname="Rohits-MacBook-Pro.local" failures="0" tests="5" name="com.casstore.testcases.TC_BuyProductTest" time="26.362" errors="0" timestamp="2024-08-06T19:01:00 IST" skipped="1">
  <testcase classname="com.casstore.testcases.TC_BuyProductTest" name="verifyIndexPageSignInButton" time="0.842"/>
  <system-out/>
  <testcase classname="com.casstore.testcases.TC_BuyProductTest" name="verifyUserLogin" time="1.512"/>
  <system-out/>
  <testcase classname="com.casstore.testcases.TC_BuyProductTest" name="verifySearchProduct" time="2.462"/>
  <system-out/>
  <testcase classname="com.casstore.testcases.TC_BuyProductTest" name="verifyBuyProduct" time="21.546"/>
  <system-out/>
  <testcase classname="com.casstore.testcases.TC_BuyProductTest" name="verifyUserLogout">
    <skipped/>
  </testcase> <!-- verifyUserLogout -->
  <system-out/>
</testsuite> <!-- com.casstore.testcases.TC_BuyProductTest -->
