<?xml version="1.0" encoding="UTF-8"?>
<!-- Generated by org.testng.reporters.JUnitReportReporter -->
<testsuite hostname="Rohits-MacBook-Pro.local" failures="0" tests="5" name="com.casstore.testcases.TC_BuyProductTest" time="13.402" errors="0" timestamp="2024-07-27T00:19:52 IST" skipped="1">
  <testcase classname="com.casstore.testcases.TC_BuyProductTest" name="verifyIndexPageSignInButton" time="0.804"/>
  <system-out/>
  <testcase classname="com.casstore.testcases.TC_BuyProductTest" name="verifyUserLogin" time="1.307"/>
  <system-out/>
  <testcase classname="com.casstore.testcases.TC_BuyProductTest" name="verifySearchProduct" time="1.800"/>
  <system-out/>
  <testcase classname="com.casstore.testcases.TC_BuyProductTest" name="verifyBuyProduct" time="9.491"/>
  <system-out/>
  <testcase classname="com.casstore.testcases.TC_BuyProductTest" name="verifyUserLogout">
    <skipped/>
  </testcase> <!-- verifyUserLogout -->
  <system-out/>
</testsuite> <!-- com.casstore.testcases.TC_BuyProductTest -->
