<?xml version="1.0" encoding="UTF-8"?>
<!-- Generated by org.testng.reporters.JUnitReportReporter -->
<testsuite hostname="Rohits-MacBook-Pro.local" failures="0" tests="5" name="com.casstore.testcases.TC_BuyProductTest" time="15.645" errors="0" timestamp="2024-07-27T00:34:23 IST" skipped="1">
  <testcase classname="com.casstore.testcases.TC_BuyProductTest" name="verifyIndexPageSignInButton" time="0.804"/>
  <system-out/>
  <testcase classname="com.casstore.testcases.TC_BuyProductTest" name="verifyUserLogin" time="1.125"/>
  <system-out/>
  <testcase classname="com.casstore.testcases.TC_BuyProductTest" name="verifySearchProduct" time="1.471"/>
  <system-out/>
  <testcase classname="com.casstore.testcases.TC_BuyProductTest" name="verifyBuyProduct" time="12.245"/>
  <system-out/>
  <testcase classname="com.casstore.testcases.TC_BuyProductTest" name="verifyUserLogout">
    <skipped/>
  </testcase> <!-- verifyUserLogout -->
  <system-out/>
</testsuite> <!-- com.casstore.testcases.TC_BuyProductTest -->
