<?xml version="1.0" encoding="UTF-8"?>
<!-- Generated by org.testng.reporters.JUnitReportReporter -->
<testsuite hostname="Rohits-MacBook-Pro.local" failures="0" tests="8" name="com.casstore.testcases.TC_AccountPageTest" time="9.749" errors="0" timestamp="2024-07-27T00:34:23 IST" skipped="2">
  <testcase classname="com.casstore.testcases.TC_AccountPageTest" name="verifyIndexPageSignInButton" time="0.818"/>
  <system-out/>
  <testcase classname="com.casstore.testcases.TC_AccountPageTest" name="verifyAlreadyRegistered" time="1.656"/>
  <system-out/>
  <testcase classname="com.casstore.testcases.TC_AccountPageTest" name="verifyAlreadyRegistered" time="1.975"/>
  <system-out/>
  <testcase classname="com.casstore.testcases.TC_AccountPageTest" name="verifyAlreadyRegistered" time="1.689"/>
  <system-out/>
  <testcase classname="com.casstore.testcases.TC_AccountPageTest" name="verifyAlreadyRegistered" time="1.979"/>
  <system-out/>
  <testcase classname="com.casstore.testcases.TC_AccountPageTest" name="verifyAlreadyRegistered" time="1.632"/>
  <system-out/>
  <testcase classname="com.casstore.testcases.TC_AccountPageTest" name="verifyEmailToCreateAccount">
    <skipped/>
  </testcase> <!-- verifyEmailToCreateAccount -->
  <system-out/>
  <testcase classname="com.casstore.testcases.TC_AccountPageTest" name="verifyAccountCreation">
    <skipped/>
  </testcase> <!-- verifyAccountCreation -->
  <system-out/>
</testsuite> <!-- com.casstore.testcases.TC_AccountPageTest -->
