<?xml version="1.0" encoding="UTF-8"?>
<!-- Generated by org.testng.reporters.JUnitReportReporter -->
<testsuite hostname="Rohits-MacBook-Pro.local" failures="0" tests="8" name="com.casstore.testcases.TC_AccountPageTest" time="18.960" errors="0" timestamp="2024-08-06T19:01:00 IST" skipped="2">
  <testcase classname="com.casstore.testcases.TC_AccountPageTest" name="verifyIndexPageSignInButton" time="2.737"/>
  <system-out/>
  <testcase classname="com.casstore.testcases.TC_AccountPageTest" name="verifyAlreadyRegistered" time="3.147"/>
  <system-out/>
  <testcase classname="com.casstore.testcases.TC_AccountPageTest" name="verifyAlreadyRegistered" time="3.005"/>
  <system-out/>
  <testcase classname="com.casstore.testcases.TC_AccountPageTest" name="verifyAlreadyRegistered" time="5.093"/>
  <system-out/>
  <testcase classname="com.casstore.testcases.TC_AccountPageTest" name="verifyAlreadyRegistered" time="3.142"/>
  <system-out/>
  <testcase classname="com.casstore.testcases.TC_AccountPageTest" name="verifyAlreadyRegistered" time="1.836"/>
  <system-out/>
  <testcase classname="com.casstore.testcases.TC_AccountPageTest" name="verifyEmailToCreateAccount">
    <skipped/>
  </testcase> <!-- verifyEmailToCreateAccount -->
  <system-out/>
  <testcase classname="com.casstore.testcases.TC_AccountPageTest" name="verifyAccountCreation">
    <skipped/>
  </testcase> <!-- verifyAccountCreation -->
  <system-out/>
</testsuite> <!-- com.casstore.testcases.TC_AccountPageTest -->
