<?xml version="1.0" encoding="UTF-8"?>
<!-- Generated by org.testng.reporters.JUnitReportReporter -->
<testsuite hostname="Rohits-MacBook-Pro.local" failures="0" tests="6" name="com.casstore.testcases.TC_AccountPageTest" time="12.988" errors="0" timestamp="2024-07-03T20:26:41 IST" skipped="2">
  <testcase classname="com.casstore.testcases.TC_AccountPageTest" name="verifyIndexPageSignInButton" time="1.790"/>
  <system-out/>
  <testcase classname="com.casstore.testcases.TC_AccountPageTest" name="verifyAlreadyRegistered" time="4.700"/>
  <system-out/>
  <testcase classname="com.casstore.testcases.TC_AccountPageTest" name="verifyAlreadyRegistered" time="3.487"/>
  <system-out/>
  <testcase classname="com.casstore.testcases.TC_AccountPageTest" name="verifyAlreadyRegistered" time="3.011"/>
  <system-out/>
  <testcase classname="com.casstore.testcases.TC_AccountPageTest" name="verifyEmailToCreateAccount">
    <skipped/>
  </testcase> <!-- verifyEmailToCreateAccount -->
  <system-out/>
  <testcase classname="com.casstore.testcases.TC_AccountPageTest" name="verifyAccountCreation">
    <skipped/>
  </testcase> <!-- verifyAccountCreation -->
  <system-out/>
</testsuite> <!-- com.casstore.testcases.TC_AccountPageTest -->
